<?xml version="1.0" encoding="UTF-8"?>
<testsuite name="com.epam.esm.repositoryImpl.TagImplTest" tests="5" skipped="0" failures="0" errors="0" timestamp="2023-04-15T13:17:19" hostname="DESKTOP-42D3KUQ" time="0.036">
  <properties/>
  <testcase name="testInsertSameTagsHandleExceptions()" classname="com.epam.esm.repositoryImpl.TagImplTest" time="0.007"/>
  <testcase name="testFindAll()" classname="com.epam.esm.repositoryImpl.TagImplTest" time="0.003"/>
  <testcase name="testFindById()" classname="com.epam.esm.repositoryImpl.TagImplTest" time="0.003"/>
  <testcase name="testDelete()" classname="com.epam.esm.repositoryImpl.TagImplTest" time="0.008"/>
  <testcase name="testInsert()" classname="com.epam.esm.repositoryImpl.TagImplTest" time="0.009"/>
  <system-out><![CDATA[]]></system-out>
  <system-err><![CDATA[[Test worker] INFO com.epam.esm.repository.implementation.TagRepositoryImpl - ********** adding new element into tag ***********
[Test worker] INFO com.epam.esm.repository.implementation.TagRepositoryImpl - ********** querying all from tag table **************
[Test worker] INFO com.epam.esm.repository.implementation.TagRepositoryImpl - ********** adding new element into tag ***********
[Test worker] INFO com.epam.esm.repository.implementation.TagRepositoryImpl - ********** querying all from tag table **************
[Test worker] INFO com.epam.esm.repository.implementation.TagRepositoryImpl - ********** querying a row from tag table by id ***********
[Test worker] INFO com.epam.esm.repository.implementation.TagRepositoryImpl - ********** querying a row from tag table by id ***********
[Test worker] INFO com.epam.esm.repository.implementation.TagRepositoryImpl - ********** querying all from tag table **************
[Test worker] INFO com.epam.esm.repository.implementation.TagRepositoryImpl - ********** deleting a row from tag table by id ***********
[Test worker] INFO com.epam.esm.repository.implementation.TagRepositoryImpl - ********** querying all from tag table **************
[Test worker] INFO com.epam.esm.repository.implementation.TagRepositoryImpl - ********** querying a row from tag table by id ***********
[Test worker] INFO com.epam.esm.repository.implementation.TagRepositoryImpl - ********** querying all from tag table **************
[Test worker] INFO com.epam.esm.repository.implementation.TagRepositoryImpl - ********** adding new element into tag ***********
[Test worker] INFO com.epam.esm.repository.implementation.TagRepositoryImpl - ********** querying all from tag table **************
[Test worker] INFO com.epam.esm.repository.implementation.TagRepositoryImpl - ********** querying all from tag table **************
[Test worker] INFO com.epam.esm.repository.implementation.TagRepositoryImpl - ********** querying all from tag table **************
[Test worker] INFO com.epam.esm.repository.implementation.TagRepositoryImpl - ********** querying a row from tag table by id ***********
]]></system-err>
</testsuite>
