<?xml version="1.0" encoding="UTF-8"?>
<testsuite name="com.epam.esm.repositoryImpl.TagImplTest" tests="5" skipped="0" failures="0" errors="0" timestamp="2023-04-16T07:45:24" hostname="DESKTOP-42D3KUQ" time="0.03">
  <properties/>
  <testcase name="testInsertSameTagsHandleExceptions()" classname="com.epam.esm.repositoryImpl.TagImplTest" time="0.005"/>
  <testcase name="testFindAll()" classname="com.epam.esm.repositoryImpl.TagImplTest" time="0.003"/>
  <testcase name="testFindById()" classname="com.epam.esm.repositoryImpl.TagImplTest" time="0.003"/>
  <testcase name="testDelete()" classname="com.epam.esm.repositoryImpl.TagImplTest" time="0.005"/>
  <testcase name="testInsert()" classname="com.epam.esm.repositoryImpl.TagImplTest" time="0.007"/>
  <system-out><![CDATA[]]></system-out>
  <system-err><![CDATA[]]></system-err>
</testsuite>
