<?xml version="1.0" encoding="UTF-8"?>
<testsuite name="TagServiceTest" tests="9" skipped="0" failures="0" errors="0" timestamp="2023-04-17T06:17:29" hostname="DESKTOP-42D3KUQ" time="0.06">
  <properties/>
  <testcase name="testFindByIdThrowsNotFoundException()" classname="TagServiceTest" time="0.005"/>
  <testcase name="testCreateSuccess()" classname="TagServiceTest" time="0.005"/>
  <testcase name="testDeleteThrowsNotFoundException()" classname="TagServiceTest" time="0.004"/>
  <testcase name="testFindAll()" classname="TagServiceTest" time="0.006"/>
  <testcase name="testCreateThrowsModificationException()" classname="TagServiceTest" time="0.007"/>
  <testcase name="testDeleteSuccess()" classname="TagServiceTest" time="0.004"/>
  <testcase name="testDeleteThrowsModificationException()" classname="TagServiceTest" time="0.006"/>
  <testcase name="testFindById()" classname="TagServiceTest" time="0.004"/>
  <testcase name="testFindAllThrowsNotFoundException()" classname="TagServiceTest" time="0.008"/>
  <system-out><![CDATA[]]></system-out>
  <system-err><![CDATA[]]></system-err>
</testsuite>
